2025-10-10 11:51:16,335 - src.data_sources.akshare_source - WARNING - 刷新缓存失败: ('Connection aborted.', RemoteDisconnected('Remote end closed connection without response'))，保留旧缓存
2025-10-10 11:52:21,420 - src.data_sources.akshare_source - WARNING - 刷新缓存失败: ('Connection aborted.', RemoteDisconnected('Remote end closed connection without response'))，保留旧缓存
2025-10-10 12:27:38,981 - src.data_sources.akshare_source - WARNING - 刷新缓存失败: ('Connection aborted.', RemoteDisconnected('Remote end closed connection without response'))，保留旧缓存
2025-10-10 12:52:43,902 - src.data_sources.akshare_source - WARNING - 刷新缓存失败: ('Connection aborted.', RemoteDisconnected('Remote end closed connection without response'))，保留旧缓存
2025-10-10 12:54:34,749 - src.data_sources.akshare_source - WARNING - 刷新缓存失败: ('Connection aborted.', RemoteDisconnected('Remote end closed connection without response'))，保留旧缓存
2025-10-10 13:17:04,000 - src.data_sources.akshare_source - WARNING - 刷新缓存失败: ('Connection aborted.', RemoteDisconnected('Remote end closed connection without response'))，保留旧缓存
2025-10-10 13:17:32,661 - src.data_sources.akshare_source - WARNING - 刷新缓存失败: ('Connection aborted.', RemoteDisconnected('Remote end closed connection without response'))，保留旧缓存
2025-10-10 13:18:33,389 - src.data_sources.akshare_source - WARNING - 刷新缓存失败: ('Connection aborted.', RemoteDisconnected('Remote end closed connection without response'))，保留旧缓存
2025-10-10 13:34:42,217 - src.data_sources.akshare_source - WARNING - 第1次尝试失败: ('Connection aborted.', RemoteDisconnected('Remote end closed connection without response'))
2025-10-10 13:34:44,637 - src.data_sources.akshare_source - WARNING - 第2次尝试失败: ('Connection aborted.', RemoteDisconnected('Remote end closed connection without response'))
2025-10-10 13:34:52,980 - src.data_sources.akshare_source - WARNING - 第3次尝试失败: ('Connection aborted.', RemoteDisconnected('Remote end closed connection without response'))
2025-10-10 13:34:52,980 - src.data_sources.akshare_source - WARNING - 刷新缓存失败: ('Connection aborted.', RemoteDisconnected('Remote end closed connection without response'))，保留旧缓存
2025-10-10 13:34:53,138 - src.data_sources.akshare_source - WARNING - 第1次尝试失败: ('Connection aborted.', RemoteDisconnected('Remote end closed connection without response'))
2025-10-10 13:34:55,406 - src.data_sources.akshare_source - WARNING - 第2次尝试失败: ('Connection aborted.', RemoteDisconnected('Remote end closed connection without response'))
2025-10-10 13:35:03,671 - src.data_sources.akshare_source - WARNING - 第3次尝试失败: ('Connection aborted.', RemoteDisconnected('Remote end closed connection without response'))
2025-10-10 13:35:03,830 - src.data_sources.akshare_source - WARNING - 第1次尝试失败: ('Connection aborted.', RemoteDisconnected('Remote end closed connection without response'))
2025-10-10 13:35:06,296 - src.data_sources.akshare_source - WARNING - 第2次尝试失败: ('Connection aborted.', RemoteDisconnected('Remote end closed connection without response'))
2025-10-10 13:35:50,023 - src.data_sources.akshare_source - WARNING - 第1次尝试失败: ('Connection aborted.', RemoteDisconnected('Remote end closed connection without response'))
2025-10-10 13:35:52,428 - src.data_sources.akshare_source - WARNING - 第2次尝试失败: ('Connection aborted.', RemoteDisconnected('Remote end closed connection without response'))
2025-10-10 13:36:00,872 - src.data_sources.akshare_source - WARNING - 第3次尝试失败: ('Connection aborted.', RemoteDisconnected('Remote end closed connection without response'))
2025-10-10 13:36:00,873 - src.data_sources.akshare_source - WARNING - 刷新缓存失败: ('Connection aborted.', RemoteDisconnected('Remote end closed connection without response'))，保留旧缓存
2025-10-10 13:36:01,438 - src.data_sources.akshare_source - WARNING - 第1次尝试失败: ('Connection aborted.', RemoteDisconnected('Remote end closed connection without response'))
2025-10-10 13:36:03,850 - src.data_sources.akshare_source - WARNING - 第2次尝试失败: ('Connection aborted.', RemoteDisconnected('Remote end closed connection without response'))
2025-10-10 13:37:01,046 - src.data_sources.akshare_source - WARNING - 第1次尝试失败: ('Connection aborted.', RemoteDisconnected('Remote end closed connection without response'))
2025-10-10 13:37:03,415 - src.data_sources.akshare_source - WARNING - 第2次尝试失败: ('Connection aborted.', RemoteDisconnected('Remote end closed connection without response'))
2025-10-10 13:37:12,079 - src.data_sources.akshare_source - WARNING - 第3次尝试失败: ('Connection aborted.', RemoteDisconnected('Remote end closed connection without response'))
2025-10-10 13:37:12,080 - src.data_sources.akshare_source - WARNING - 刷新缓存失败: ('Connection aborted.', RemoteDisconnected('Remote end closed connection without response'))，保留旧缓存
2025-10-10 13:37:12,256 - src.data_sources.akshare_source - WARNING - 第1次尝试失败: ('Connection aborted.', RemoteDisconnected('Remote end closed connection without response'))
2025-10-10 13:37:14,545 - src.data_sources.akshare_source - WARNING - 第2次尝试失败: ('Connection aborted.', RemoteDisconnected('Remote end closed connection without response'))
2025-10-10 13:39:11,871 - src.data_sources.sina_source - WARNING - 新浪数据源不支持历史数据获取
2025-10-10 13:39:11,871 - src.data_sources.sina_source - WARNING - 新浪数据源不支持历史数据获取
2025-10-10 13:39:11,872 - src.data_sources.sina_source - WARNING - 新浪数据源不支持历史数据获取
2025-10-10 13:39:11,872 - src.data_sources.sina_source - WARNING - 新浪数据源不支持历史数据获取
2025-10-10 13:39:11,873 - src.data_sources.sina_source - WARNING - 新浪数据源不支持历史数据获取
2025-10-10 13:39:11,873 - src.data_sources.sina_source - WARNING - 新浪数据源不支持历史数据获取
2025-10-10 13:39:11,873 - src.data_sources.sina_source - WARNING - 新浪数据源不支持历史数据获取
2025-10-10 13:39:11,873 - src.data_sources.sina_source - WARNING - 新浪数据源不支持历史数据获取
2025-10-10 13:39:11,874 - src.data_sources.sina_source - WARNING - 新浪数据源不支持历史数据获取
2025-10-10 13:47:45,884 - urllib3.connectionpool - WARNING - Retrying (Retry(total=2, connect=None, read=None, redirect=None, status=None)) after connection broken by 'ProtocolError('Connection aborted.', RemoteDisconnected('Remote end closed connection without response'))': /api/qt/clist/get?pn=1&pz=1&po=1&np=1
2025-10-10 13:47:47,988 - urllib3.connectionpool - WARNING - Retrying (Retry(total=1, connect=None, read=None, redirect=None, status=None)) after connection broken by 'ProtocolError('Connection aborted.', RemoteDisconnected('Remote end closed connection without response'))': /api/qt/clist/get?pn=1&pz=1&po=1&np=1
2025-10-10 13:47:52,103 - urllib3.connectionpool - WARNING - Retrying (Retry(total=0, connect=None, read=None, redirect=None, status=None)) after connection broken by 'ProtocolError('Connection aborted.', RemoteDisconnected('Remote end closed connection without response'))': /api/qt/clist/get?pn=1&pz=1&po=1&np=1
2025-10-10 13:47:52,212 - src.data_sources.factory - WARNING - ⚠ AKShare连接测试失败，尝试备用数据源...
2025-10-10 13:47:52,906 - src.data_sources.sina_source - WARNING - 新浪数据源不支持完整历史数据获取
2025-10-10 13:47:52,948 - src.data_sources.sina_source - WARNING - 新浪数据源不支持完整历史数据获取
2025-10-10 13:47:52,991 - src.data_sources.sina_source - WARNING - 新浪数据源不支持完整历史数据获取
2025-10-10 13:47:53,032 - src.data_sources.sina_source - WARNING - 新浪数据源不支持完整历史数据获取
2025-10-10 13:47:53,077 - src.data_sources.sina_source - WARNING - 新浪数据源不支持完整历史数据获取
2025-10-10 13:47:53,119 - src.data_sources.sina_source - WARNING - 新浪数据源不支持完整历史数据获取
2025-10-10 13:47:53,160 - src.data_sources.sina_source - WARNING - 新浪数据源不支持完整历史数据获取
2025-10-10 13:47:53,201 - src.data_sources.sina_source - WARNING - 新浪数据源不支持完整历史数据获取
2025-10-10 13:47:53,243 - src.data_sources.sina_source - WARNING - 新浪数据源不支持完整历史数据获取
2025-10-10 14:09:58,614 - src.data_sources.factory - WARNING - ⚠ AKShare初始化失败: 'AKShareDataSource' object has no attribute '_quick_test_connection'
2025-10-10 14:09:59,296 - src.data_sources.sina_source - WARNING - 新浪数据源不支持完整历史数据获取
2025-10-10 14:09:59,347 - src.data_sources.sina_source - WARNING - 新浪数据源不支持完整历史数据获取
2025-10-10 14:09:59,389 - src.data_sources.sina_source - WARNING - 新浪数据源不支持完整历史数据获取
2025-10-10 14:09:59,431 - src.data_sources.sina_source - WARNING - 新浪数据源不支持完整历史数据获取
2025-10-10 14:09:59,472 - src.data_sources.sina_source - WARNING - 新浪数据源不支持完整历史数据获取
2025-10-10 14:09:59,515 - src.data_sources.sina_source - WARNING - 新浪数据源不支持完整历史数据获取
2025-10-10 14:09:59,561 - src.data_sources.sina_source - WARNING - 新浪数据源不支持完整历史数据获取
2025-10-10 14:09:59,603 - src.data_sources.sina_source - WARNING - 新浪数据源不支持完整历史数据获取
2025-10-10 14:09:59,645 - src.data_sources.sina_source - WARNING - 新浪数据源不支持完整历史数据获取
